<?xml version="1.0" encoding="UTF-8"?>
<!-- Generated by org.testng.reporters.JUnitReportReporter -->
<testsuite hostname="Ranvijay" failures="0" tests="1" name="cucumber.TestNGTestRunner" time="6.939" errors="0" timestamp="2024-02-29T02:59:11 IST" skipped="0">
  <testcase classname="cucumber.TestNGTestRunner" name="runScenario" time="6.939"/>
</testsuite> <!-- cucumber.TestNGTestRunner -->
