<?xml version="1.0" encoding="UTF-8"?>
<!-- Generated by org.testng.reporters.JUnitReportReporter -->
<testsuite hostname="Ranvijay" failures="0" tests="1" name="ranvijaybhaskar.Tests.TestEcommerceOrder" time="6.745" errors="0" timestamp="2024-02-23T18:20:53 IST" skipped="0">
  <testcase classname="ranvijaybhaskar.Tests.TestEcommerceOrder" name="submitOrder" time="6.745"/>
</testsuite> <!-- ranvijaybhaskar.Tests.TestEcommerceOrder -->
