<?xml version="1.0" encoding="UTF-8"?>
<!-- Generated by org.testng.reporters.JUnitReportReporter -->
<testsuite hostname="Ranvijay" failures="0" tests="2" name="ranvijaybhaskar.Tests.ErrorValidations" time="6.063" errors="0" timestamp="2024-02-23T18:20:53 IST" skipped="0">
  <testcase classname="ranvijaybhaskar.Tests.ErrorValidations" name="validateLoginErrorWrongEmail" time="3.082"/>
  <testcase classname="ranvijaybhaskar.Tests.ErrorValidations" name="validateLoginErrorWrongPassword" time="2.981"/>
</testsuite> <!-- ranvijaybhaskar.Tests.ErrorValidations -->
