<?xml version="1.0" encoding="UTF-8"?>
<!-- Generated by org.testng.reporters.JUnitReportReporter -->
<testsuite hostname="Ranvijay" failures="0" tests="2" name="ranvijaybhaskar.Tests.EcommerceOrderTest" time="12.782" errors="0" timestamp="2024-02-28T15:55:58 IST" skipped="0">
  <testcase classname="ranvijaybhaskar.Tests.EcommerceOrderTest" name="OrderHistoryTest" time="3.965"/>
  <testcase classname="ranvijaybhaskar.Tests.EcommerceOrderTest" name="submitOrderTest" time="8.817"/>
</testsuite> <!-- ranvijaybhaskar.Tests.EcommerceOrderTest -->
