<?xml version="1.0" encoding="UTF-8"?>
<!-- Generated by org.testng.reporters.JUnitReportReporter -->
<testsuite hostname="Ranvijay" failures="0" tests="1" name="cucumber.TestNGTestRunner" time="11.169" errors="0" timestamp="2024-02-29T03:20:21 IST" skipped="0">
  <testcase classname="cucumber.TestNGTestRunner" name="runScenario" time="11.169"/>
</testsuite> <!-- cucumber.TestNGTestRunner -->
