<?xml version="1.0" encoding="UTF-8"?>
<!-- Generated by org.testng.reporters.JUnitReportReporter -->
<testsuite hostname="Ranvijay" failures="0" tests="2" name="ranvijaybhaskar.Tests.ErrorValidationTest" time="9.510" errors="0" timestamp="2024-02-28T15:55:58 IST" skipped="0">
  <testcase classname="ranvijaybhaskar.Tests.ErrorValidationTest" name="validateLoginErrorWrongPassword" time="3.665"/>
  <testcase classname="ranvijaybhaskar.Tests.ErrorValidationTest" name="validateLoginErrorWrongEmail" time="5.845"/>
</testsuite> <!-- ranvijaybhaskar.Tests.ErrorValidationTest -->
